<?xml version="1.0" encoding="UTF-8"?>
<TestRun id="37a96893-e5b9-467f-a339-c6f3944c9e41" name="richarv@RICHARV-PC 2014-04-11 23:35:40" runUser="richarv-PC\richarv" xmlns="http://microsoft.com/schemas/VisualStudio/TeamTest/2010">
  <TestSettings name="Default Test Settings" id="39a8f82a-c3c0-41eb-b550-73d24a569408">
    <Deployment runDeploymentRoot="richarv_RICHARV-PC 2014-04-11 23_35_40">
      <DeploymentItem filename="C:\Users\richarv\Documents\GitHub\tripservice-kata\vb.net\TripServiceKata\TripServiceKataVB\bin\Debug\TripServiceKata.dll" />
    </Deployment>
    <Execution>
      <TestTypeSpecific />
      <AgentRule name="Execution Agents">
      </AgentRule>
    </Execution>
  </TestSettings>
  <Times creation="2014-04-11T23:35:40.8316534+01:00" queuing="2014-04-11T23:35:40.9117315+01:00" start="2014-04-11T23:35:40.9752081+01:00" finish="2014-04-11T23:35:42.1002081+01:00" />
  <ResultSummary outcome="Failed">
    <Counters total="1" executed="1" error="0" failed="1" timeout="0" aborted="0" inconclusive="0" passedButRunAborted="0" notRunnable="0" notExecuted="0" disconnected="0" warning="0" passed="0" completed="0" inProgress="0" pending="0" />
  </ResultSummary>
  <TestDefinitions>
    <UnitTest name="Trip_Service" storage="c:\users\richarv\documents\github\tripservice-kata\vb.net\tripservicekata\tripservicekatatests\bin\debug\tripservicekatatests.dll" id="fde1ed54-18bc-c325-e20b-86ca560733f9">
      <Execution id="ac659681-195e-45b0-bcc7-a899f5e23230" />
      <TestMethod codeBase="C:/Users/richarv/Documents/GitHub/tripservice-kata/vb.net/TripServiceKata/TripServiceKataTests/bin/Debug/TripServiceKataTests.DLL" adapterTypeName="Microsoft.VisualStudio.TestTools.TestTypes.Unit.UnitTestAdapter, Microsoft.VisualStudio.QualityTools.Tips.UnitTest.Adapter, Version=10.0.0.0, Culture=neutral, PublicKeyToken=b03f5f7f11d50a3a" className="TripServiceKataTests.TripServiceKata.Tests.TripServiceTest, TripServiceKataTests, Version=1.0.0.0, Culture=neutral, PublicKeyToken=null" name="Trip_Service" />
    </UnitTest>
  </TestDefinitions>
  <TestLists>
    <TestList name="Results Not in a List" id="8c84fa94-04c1-424b-9868-57a2d4851a1d" />
    <TestList name="All Loaded Results" id="19431567-8539-422a-85d7-44ee4e166bda" />
  </TestLists>
  <TestEntries>
    <TestEntry testId="fde1ed54-18bc-c325-e20b-86ca560733f9" executionId="ac659681-195e-45b0-bcc7-a899f5e23230" testListId="8c84fa94-04c1-424b-9868-57a2d4851a1d" />
  </TestEntries>
  <Results>
    <UnitTestResult executionId="ac659681-195e-45b0-bcc7-a899f5e23230" testId="fde1ed54-18bc-c325-e20b-86ca560733f9" testName="Trip_Service" computerName="RICHARV-PC" duration="00:00:00.0295624" startTime="2014-04-11T23:35:41.0240362+01:00" endTime="2014-04-11T23:35:41.2388800+01:00" testType="13cdc9d9-ddb5-4fa4-a97d-d965ccfc6d4b" outcome="Failed" testListId="8c84fa94-04c1-424b-9868-57a2d4851a1d" relativeResultsDirectory="ac659681-195e-45b0-bcc7-a899f5e23230">
      <Output>
        <ErrorInfo>
          <Message>Test method TripServiceKataTests.TripServiceKata.Tests.TripServiceTest.Trip_Service threw exception TripServiceKata.TripServiceKata.Exception.DependendClassCallDuringUnitTestException, but exception TripServiceKata.TripServiceKata.Exception.UserNotLoggedInException was expected. Exception message: TripServiceKata.TripServiceKata.Exception.DependendClassCallDuringUnitTestException: UserSession.GetLoggedUser() should not be called in an unit test</Message>
          <StackTrace>    at TripServiceKata.TripServiceKata.User.UserSession.GetLoggedUser() in C:\Users\richarv\Documents\GitHub\tripservice-kata\vb.net\TripServiceKata\TripServiceKataVB\User\UserSession.vb:line 19
   at TripServiceKata.TripServiceKata.Trip.TripService.GetTripsByUser(User user) in C:\Users\richarv\Documents\GitHub\tripservice-kata\vb.net\TripServiceKata\TripServiceKataVB\Trip\TripService.vb:line 9
   at TripServiceKataTests.TripServiceKata.Tests.TripServiceTest.Trip_Service() in C:\Users\richarv\Documents\GitHub\tripservice-kata\vb.net\TripServiceKata\TripServiceKataTests\TripServiceTest.vb:line 53
</StackTrace>
        </ErrorInfo>
      </Output>
    </UnitTestResult>
  </Results>
</TestRun>