<?xml version="1.0" encoding="UTF-8"?>
<TestRun id="80a155df-91f7-4b23-a503-8aecc5f63d7d" name="richarv@RICHARV-PC 2014-04-11 23:51:54" runUser="richarv-PC\richarv" xmlns="http://microsoft.com/schemas/VisualStudio/TeamTest/2010">
  <TestSettings name="Default Test Settings" id="efff0111-27e7-4b51-bb2c-73d762ae7ebf">
    <Deployment runDeploymentRoot="richarv_RICHARV-PC 2014-04-11 23_51_54">
      <DeploymentItem filename="C:\Users\richarv\Documents\GitHub\tripservice-kata\vb.net\TripServiceKata\TripServiceKataVB\bin\Debug\TripServiceKata.dll" />
    </Deployment>
    <Execution>
      <TestTypeSpecific />
      <AgentRule name="Execution Agents">
      </AgentRule>
    </Execution>
  </TestSettings>
  <Times creation="2014-04-11T23:51:54.2300909+01:00" queuing="2014-04-11T23:51:55.0298956+01:00" start="2014-04-11T23:51:55.1763800+01:00" finish="2014-04-11T23:52:06.2398565+01:00" />
  <ResultSummary outcome="Error">
    <Counters total="1" executed="1" error="0" failed="0" timeout="0" aborted="1" inconclusive="0" passedButRunAborted="0" notRunnable="0" notExecuted="0" disconnected="0" warning="0" passed="0" completed="0" inProgress="0" pending="0" />
    <RunInfos>
      <RunInfo computerName="RICHARV-PC" outcome="Error" timestamp="2014-04-11T23:52:06.2388800+01:00">
        <Text>Test host process exited unexpectedly.</Text>
      </RunInfo>
    </RunInfos>
  </ResultSummary>
  <TestDefinitions>
    <UnitTest name="TestUserNotLoggedInThrowsException" storage="c:\users\richarv\documents\github\tripservice-kata\vb.net\tripservicekata\tripservicekatatests\bin\debug\tripservicekatatests.dll" id="37331e39-ffb6-914b-4e87-6281755bfea8">
      <Execution id="bb0499f9-01a1-45c1-a5f6-b7787beb4a66" />
      <TestMethod codeBase="C:/Users/richarv/Documents/GitHub/tripservice-kata/vb.net/TripServiceKata/TripServiceKataTests/bin/Debug/TripServiceKataTests.DLL" adapterTypeName="Microsoft.VisualStudio.TestTools.TestTypes.Unit.UnitTestAdapter, Microsoft.VisualStudio.QualityTools.Tips.UnitTest.Adapter, Version=10.0.0.0, Culture=neutral, PublicKeyToken=b03f5f7f11d50a3a" className="TripServiceKataTests.TripServiceKata.Tests.TripServiceTest, TripServiceKataTests, Version=1.0.0.0, Culture=neutral, PublicKeyToken=null" name="TestUserNotLoggedInThrowsException" />
    </UnitTest>
  </TestDefinitions>
  <TestLists>
    <TestList name="Results Not in a List" id="8c84fa94-04c1-424b-9868-57a2d4851a1d" />
    <TestList name="All Loaded Results" id="19431567-8539-422a-85d7-44ee4e166bda" />
  </TestLists>
  <TestEntries>
    <TestEntry testId="37331e39-ffb6-914b-4e87-6281755bfea8" executionId="bb0499f9-01a1-45c1-a5f6-b7787beb4a66" testListId="8c84fa94-04c1-424b-9868-57a2d4851a1d" />
  </TestEntries>
  <Results>
    <UnitTestResult executionId="bb0499f9-01a1-45c1-a5f6-b7787beb4a66" testId="37331e39-ffb6-914b-4e87-6281755bfea8" testName="TestUserNotLoggedInThrowsException" computerName="RICHARV-PC" duration="00:00:11.0078125" startTime="2014-04-11T23:51:55.2320440+01:00" endTime="2014-04-11T23:52:06.2398565+01:00" testType="13cdc9d9-ddb5-4fa4-a97d-d965ccfc6d4b" outcome="Aborted" testListId="8c84fa94-04c1-424b-9868-57a2d4851a1d" relativeResultsDirectory="bb0499f9-01a1-45c1-a5f6-b7787beb4a66">
    </UnitTestResult>
  </Results>
</TestRun>