<?xml version="1.0" encoding="UTF-8"?>
<TestRun id="aa387527-0951-45aa-9cc2-84ceeef989de" name="richarv@RICHARV-PC 2014-04-11 23:51:45" runUser="richarv-PC\richarv" xmlns="http://microsoft.com/schemas/VisualStudio/TeamTest/2010">
  <TestSettings name="Default Test Settings" id="eb12494f-fe0e-4fcc-a237-b8c2c63bcf46">
    <Deployment runDeploymentRoot="richarv_RICHARV-PC 2014-04-11 23_51_45">
      <DeploymentItem filename="C:\Users\richarv\Documents\GitHub\tripservice-kata\vb.net\TripServiceKata\TripServiceKataVB\bin\Debug\TripServiceKata.dll" />
    </Deployment>
    <Execution>
      <TestTypeSpecific />
      <AgentRule name="Execution Agents">
      </AgentRule>
    </Execution>
  </TestSettings>
  <Times creation="2014-04-11T23:51:45.3160284+01:00" queuing="2014-04-11T23:51:46.3179815+01:00" start="2014-04-11T23:51:46.4761847+01:00" finish="2014-04-11T23:51:52.6978643+01:00" />
  <ResultSummary outcome="Failed">
    <Counters total="1" executed="1" error="0" failed="1" timeout="0" aborted="0" inconclusive="0" passedButRunAborted="0" notRunnable="0" notExecuted="0" disconnected="0" warning="0" passed="0" completed="0" inProgress="0" pending="0" />
  </ResultSummary>
  <TestDefinitions>
    <UnitTest name="TestUserNotLoggedInThrowsException" storage="c:\users\richarv\documents\github\tripservice-kata\vb.net\tripservicekata\tripservicekatatests\bin\debug\tripservicekatatests.dll" id="37331e39-ffb6-914b-4e87-6281755bfea8">
      <Execution id="1c9d2795-1f86-4123-aef6-ab6d49b75d52" />
      <TestMethod codeBase="C:/Users/richarv/Documents/GitHub/tripservice-kata/vb.net/TripServiceKata/TripServiceKataTests/bin/Debug/TripServiceKataTests.DLL" adapterTypeName="Microsoft.VisualStudio.TestTools.TestTypes.Unit.UnitTestAdapter, Microsoft.VisualStudio.QualityTools.Tips.UnitTest.Adapter, Version=10.0.0.0, Culture=neutral, PublicKeyToken=b03f5f7f11d50a3a" className="TripServiceKataTests.TripServiceKata.Tests.TripServiceTest, TripServiceKataTests, Version=1.0.0.0, Culture=neutral, PublicKeyToken=null" name="TestUserNotLoggedInThrowsException" />
    </UnitTest>
  </TestDefinitions>
  <TestLists>
    <TestList name="Results Not in a List" id="8c84fa94-04c1-424b-9868-57a2d4851a1d" />
    <TestList name="All Loaded Results" id="19431567-8539-422a-85d7-44ee4e166bda" />
  </TestLists>
  <TestEntries>
    <TestEntry testId="37331e39-ffb6-914b-4e87-6281755bfea8" executionId="1c9d2795-1f86-4123-aef6-ab6d49b75d52" testListId="8c84fa94-04c1-424b-9868-57a2d4851a1d" />
  </TestEntries>
  <Results>
    <UnitTestResult executionId="1c9d2795-1f86-4123-aef6-ab6d49b75d52" testId="37331e39-ffb6-914b-4e87-6281755bfea8" testName="TestUserNotLoggedInThrowsException" computerName="RICHARV-PC" duration="00:00:04.0371135" startTime="2014-04-11T23:51:46.5474737+01:00" endTime="2014-04-11T23:51:51.5728643+01:00" testType="13cdc9d9-ddb5-4fa4-a97d-d965ccfc6d4b" outcome="Failed" testListId="8c84fa94-04c1-424b-9868-57a2d4851a1d" relativeResultsDirectory="1c9d2795-1f86-4123-aef6-ab6d49b75d52">
      <Output>
        <ErrorInfo>
          <Message>Test method TripServiceKataTests.TripServiceKata.Tests.TripServiceTest.TestUserNotLoggedInThrowsException threw exception TripServiceKata.TripServiceKata.Exception.DependendClassCallDuringUnitTestException, but exception TripServiceKata.TripServiceKata.Exception.UserNotLoggedInException was expected. Exception message: TripServiceKata.TripServiceKata.Exception.DependendClassCallDuringUnitTestException: UserSession.GetLoggedUser() should not be called in an unit test</Message>
          <StackTrace>    at TripServiceKata.TripServiceKata.User.UserSession.GetLoggedUser() in C:\Users\richarv\Documents\GitHub\tripservice-kata\vb.net\TripServiceKata\TripServiceKataVB\User\UserSession.vb:line 19
   at TripServiceKata.TripServiceKata.Trip.TripService.GetTripsByUser(User user) in C:\Users\richarv\Documents\GitHub\tripservice-kata\vb.net\TripServiceKata\TripServiceKataVB\Trip\TripService.vb:line 9
   at TripServiceKataTests.TripServiceKata.Tests.TripServiceTest.TestUserNotLoggedInThrowsException() in C:\Users\richarv\Documents\GitHub\tripservice-kata\vb.net\TripServiceKata\TripServiceKataTests\TripServiceTest.vb:line 57
</StackTrace>
        </ErrorInfo>
      </Output>
    </UnitTestResult>
  </Results>
</TestRun>