<?xml version="1.0" encoding="UTF-8"?>
<TestRun id="083af694-0544-4942-b60c-eee40b71655f" name="richarv@RICHARV-PC 2014-04-11 23:52:44" runUser="richarv-PC\richarv" xmlns="http://microsoft.com/schemas/VisualStudio/TeamTest/2010">
  <TestSettings name="Default Test Settings" id="d89fdfdf-488a-425f-b1ff-0df0c378ca6b">
    <Deployment runDeploymentRoot="richarv_RICHARV-PC 2014-04-11 23_52_44">
      <DeploymentItem filename="C:\Users\richarv\Documents\GitHub\tripservice-kata\vb.net\TripServiceKata\TripServiceKataVB\bin\Debug\TripServiceKata.dll" />
    </Deployment>
    <Execution>
      <TestTypeSpecific />
      <AgentRule name="Execution Agents">
      </AgentRule>
    </Execution>
  </TestSettings>
  <Times creation="2014-04-11T23:52:44.8687628+01:00" queuing="2014-04-11T23:52:45.6431768+01:00" start="2014-04-11T23:52:45.8043097+01:00" finish="2014-04-11T23:52:56.4507940+01:00" />
  <ResultSummary outcome="Failed">
    <Counters total="1" executed="1" error="0" failed="1" timeout="0" aborted="0" inconclusive="0" passedButRunAborted="0" notRunnable="0" notExecuted="0" disconnected="0" warning="0" passed="0" completed="0" inProgress="0" pending="0" />
  </ResultSummary>
  <TestDefinitions>
    <UnitTest name="TestUserNotLoggedInThrowsException" storage="c:\users\richarv\documents\github\tripservice-kata\vb.net\tripservicekata\tripservicekatatests\bin\debug\tripservicekatatests.dll" id="37331e39-ffb6-914b-4e87-6281755bfea8">
      <Execution id="db107b7d-4e76-4d5b-8439-51a2604b89c3" />
      <TestMethod codeBase="C:/Users/richarv/Documents/GitHub/tripservice-kata/vb.net/TripServiceKata/TripServiceKataTests/bin/Debug/TripServiceKataTests.DLL" adapterTypeName="Microsoft.VisualStudio.TestTools.TestTypes.Unit.UnitTestAdapter, Microsoft.VisualStudio.QualityTools.Tips.UnitTest.Adapter, Version=10.0.0.0, Culture=neutral, PublicKeyToken=b03f5f7f11d50a3a" className="TripServiceKataTests.TripServiceKata.Tests.TripServiceTest, TripServiceKataTests, Version=1.0.0.0, Culture=neutral, PublicKeyToken=null" name="TestUserNotLoggedInThrowsException" />
    </UnitTest>
  </TestDefinitions>
  <TestLists>
    <TestList name="Results Not in a List" id="8c84fa94-04c1-424b-9868-57a2d4851a1d" />
    <TestList name="All Loaded Results" id="19431567-8539-422a-85d7-44ee4e166bda" />
  </TestLists>
  <TestEntries>
    <TestEntry testId="37331e39-ffb6-914b-4e87-6281755bfea8" executionId="db107b7d-4e76-4d5b-8439-51a2604b89c3" testListId="8c84fa94-04c1-424b-9868-57a2d4851a1d" />
  </TestEntries>
  <Results>
    <UnitTestResult executionId="db107b7d-4e76-4d5b-8439-51a2604b89c3" testId="37331e39-ffb6-914b-4e87-6281755bfea8" testName="TestUserNotLoggedInThrowsException" computerName="RICHARV-PC" duration="00:00:08.5419960" startTime="2014-04-11T23:52:45.8765753+01:00" endTime="2014-04-11T23:52:55.3267706+01:00" testType="13cdc9d9-ddb5-4fa4-a97d-d965ccfc6d4b" outcome="Failed" testListId="8c84fa94-04c1-424b-9868-57a2d4851a1d" relativeResultsDirectory="db107b7d-4e76-4d5b-8439-51a2604b89c3">
      <Output>
        <ErrorInfo>
          <Message>Test method TripServiceKataTests.TripServiceKata.Tests.TripServiceTest.TestUserNotLoggedInThrowsException threw exception TripServiceKata.TripServiceKata.Exception.DependendClassCallDuringUnitTestException, but exception TripServiceKata.TripServiceKata.Exception.UserNotLoggedInException was expected. Exception message: TripServiceKata.TripServiceKata.Exception.DependendClassCallDuringUnitTestException: UserSession.GetLoggedUser() should not be called in an unit test</Message>
          <StackTrace>    at TripServiceKata.TripServiceKata.User.UserSession.GetLoggedUser() in C:\Users\richarv\Documents\GitHub\tripservice-kata\vb.net\TripServiceKata\TripServiceKataVB\User\UserSession.vb:line 19
   at TripServiceKata.TripServiceKata.Trip.TripService.GetTripsByUser(User user) in C:\Users\richarv\Documents\GitHub\tripservice-kata\vb.net\TripServiceKata\TripServiceKataVB\Trip\TripService.vb:line 9
   at TripServiceKataTests.TripServiceKata.Tests.TripServiceTest.TestUserNotLoggedInThrowsException() in C:\Users\richarv\Documents\GitHub\tripservice-kata\vb.net\TripServiceKata\TripServiceKataTests\TripServiceTest.vb:line 60
</StackTrace>
        </ErrorInfo>
      </Output>
    </UnitTestResult>
  </Results>
</TestRun>